[0.193s] DEBUG:colcon:Command line arguments: ['/usr/bin/colcon', 'build', '--symlink-install', '--packages-select', 'my_slam_from_scratch']
[0.193s] DEBUG:colcon:Parsed command line arguments: Namespace(log_base=None, log_level=None, verb_name='build', build_base='build', install_base='install', merge_install=False, symlink_install=True, test_result_base=None, continue_on_error=False, executor='parallel', parallel_workers=16, event_handlers=None, ignore_user_meta=False, metas=['./colcon.meta'], base_paths=['.'], packages_ignore=None, packages_ignore_regex=None, paths=None, packages_up_to=None, packages_up_to_regex=None, packages_above=None, packages_above_and_dependencies=None, packages_above_depth=None, packages_select_by_dep=None, packages_skip_by_dep=None, packages_skip_up_to=None, packages_select_build_failed=False, packages_skip_build_finished=False, packages_select_test_failures=False, packages_skip_test_passed=False, packages_select=['my_slam_from_scratch'], packages_skip=None, packages_select_regex=None, packages_skip_regex=None, packages_start=None, packages_end=None, allow_overriding=[], cmake_args=None, cmake_target=None, cmake_target_skip_unavailable=False, cmake_clean_cache=False, cmake_clean_first=False, cmake_force_configure=False, ament_cmake_args=None, catkin_cmake_args=None, catkin_skip_building_tests=False, mixin_files=None, mixin=None, verb_parser=<colcon_mixin.mixin.mixin_argument.MixinArgumentDecorator object at 0x7d0d82f71ee0>, verb_extension=<colcon_core.verb.build.BuildVerb object at 0x7d0d82f1daf0>, main=<bound method BuildVerb.main of <colcon_core.verb.build.BuildVerb object at 0x7d0d82f1daf0>>, mixin_verb=('build',))
[0.240s] Level 1:colcon.colcon_core.package_discovery:discover_packages(colcon_meta) check parameters
[0.240s] Level 1:colcon.colcon_core.package_discovery:discover_packages(recursive) check parameters
[0.240s] Level 1:colcon.colcon_core.package_discovery:discover_packages(ignore) check parameters
[0.240s] Level 1:colcon.colcon_core.package_discovery:discover_packages(path) check parameters
[0.240s] Level 1:colcon.colcon_core.package_discovery:discover_packages(colcon_meta) discover
[0.240s] Level 1:colcon.colcon_core.package_discovery:discover_packages(recursive) discover
[0.240s] INFO:colcon.colcon_core.package_discovery:Crawling recursively for packages in '/home/zireael/PFE'
[0.240s] Level 1:colcon.colcon_core.package_identification:_identify(.) by extensions ['ignore', 'ignore_ament_install']
[0.240s] Level 1:colcon.colcon_core.package_identification:_identify(.) by extension 'ignore'
[0.240s] Level 1:colcon.colcon_core.package_identification:_identify(.) by extension 'ignore_ament_install'
[0.241s] Level 1:colcon.colcon_core.package_identification:_identify(.) by extensions ['colcon_pkg']
[0.241s] Level 1:colcon.colcon_core.package_identification:_identify(.) by extension 'colcon_pkg'
[0.241s] Level 1:colcon.colcon_core.package_identification:_identify(.) by extensions ['colcon_meta']
[0.241s] Level 1:colcon.colcon_core.package_identification:_identify(.) by extension 'colcon_meta'
[0.241s] Level 1:colcon.colcon_core.package_identification:_identify(.) by extensions ['ros']
[0.241s] Level 1:colcon.colcon_core.package_identification:_identify(.) by extension 'ros'
[0.268s] Level 1:colcon.colcon_core.package_identification:_identify(.) by extensions ['cmake', 'python']
[0.269s] Level 1:colcon.colcon_core.package_identification:_identify(.) by extension 'cmake'
[0.269s] Level 1:colcon.colcon_core.package_identification:_identify(.) by extension 'python'
[0.269s] Level 1:colcon.colcon_core.package_identification:_identify(.) by extensions ['python_setup_py']
[0.269s] Level 1:colcon.colcon_core.package_identification:_identify(.) by extension 'python_setup_py'
[0.269s] Level 1:colcon.colcon_core.package_identification:_identify(PFE_ws) by extensions ['ignore', 'ignore_ament_install']
[0.270s] Level 1:colcon.colcon_core.package_identification:_identify(PFE_ws) by extension 'ignore'
[0.270s] Level 1:colcon.colcon_core.package_identification:_identify(PFE_ws) by extension 'ignore_ament_install'
[0.270s] Level 1:colcon.colcon_core.package_identification:_identify(PFE_ws) by extensions ['colcon_pkg']
[0.270s] Level 1:colcon.colcon_core.package_identification:_identify(PFE_ws) by extension 'colcon_pkg'
[0.270s] Level 1:colcon.colcon_core.package_identification:_identify(PFE_ws) by extensions ['colcon_meta']
[0.270s] Level 1:colcon.colcon_core.package_identification:_identify(PFE_ws) by extension 'colcon_meta'
[0.270s] Level 1:colcon.colcon_core.package_identification:_identify(PFE_ws) by extensions ['ros']
[0.270s] Level 1:colcon.colcon_core.package_identification:_identify(PFE_ws) by extension 'ros'
[0.270s] Level 1:colcon.colcon_core.package_identification:_identify(PFE_ws) by extensions ['cmake', 'python']
[0.270s] Level 1:colcon.colcon_core.package_identification:_identify(PFE_ws) by extension 'cmake'
[0.270s] Level 1:colcon.colcon_core.package_identification:_identify(PFE_ws) by extension 'python'
[0.270s] Level 1:colcon.colcon_core.package_identification:_identify(PFE_ws) by extensions ['python_setup_py']
[0.270s] Level 1:colcon.colcon_core.package_identification:_identify(PFE_ws) by extension 'python_setup_py'
[0.270s] Level 1:colcon.colcon_core.package_identification:_identify(PFE_ws/build) by extensions ['ignore', 'ignore_ament_install']
[0.270s] Level 1:colcon.colcon_core.package_identification:_identify(PFE_ws/build) by extension 'ignore'
[0.270s] Level 1:colcon.colcon_core.package_identification:_identify(PFE_ws/build) ignored
[0.271s] Level 1:colcon.colcon_core.package_identification:_identify(PFE_ws/install) by extensions ['ignore', 'ignore_ament_install']
[0.271s] Level 1:colcon.colcon_core.package_identification:_identify(PFE_ws/install) by extension 'ignore'
[0.271s] Level 1:colcon.colcon_core.package_identification:_identify(PFE_ws/install) ignored
[0.271s] Level 1:colcon.colcon_core.package_identification:_identify(PFE_ws/log) by extensions ['ignore', 'ignore_ament_install']
[0.271s] Level 1:colcon.colcon_core.package_identification:_identify(PFE_ws/log) by extension 'ignore'
[0.271s] Level 1:colcon.colcon_core.package_identification:_identify(PFE_ws/log) ignored
[0.271s] Level 1:colcon.colcon_core.package_identification:_identify(PFE_ws/src) by extensions ['ignore', 'ignore_ament_install']
[0.271s] Level 1:colcon.colcon_core.package_identification:_identify(PFE_ws/src) by extension 'ignore'
[0.271s] Level 1:colcon.colcon_core.package_identification:_identify(PFE_ws/src) by extension 'ignore_ament_install'
[0.271s] Level 1:colcon.colcon_core.package_identification:_identify(PFE_ws/src) by extensions ['colcon_pkg']
[0.271s] Level 1:colcon.colcon_core.package_identification:_identify(PFE_ws/src) by extension 'colcon_pkg'
[0.271s] Level 1:colcon.colcon_core.package_identification:_identify(PFE_ws/src) by extensions ['colcon_meta']
[0.271s] Level 1:colcon.colcon_core.package_identification:_identify(PFE_ws/src) by extension 'colcon_meta'
[0.271s] Level 1:colcon.colcon_core.package_identification:_identify(PFE_ws/src) by extensions ['ros']
[0.272s] Level 1:colcon.colcon_core.package_identification:_identify(PFE_ws/src) by extension 'ros'
[0.272s] Level 1:colcon.colcon_core.package_identification:_identify(PFE_ws/src) by extensions ['cmake', 'python']
[0.272s] Level 1:colcon.colcon_core.package_identification:_identify(PFE_ws/src) by extension 'cmake'
[0.272s] Level 1:colcon.colcon_core.package_identification:_identify(PFE_ws/src) by extension 'python'
[0.272s] Level 1:colcon.colcon_core.package_identification:_identify(PFE_ws/src) by extensions ['python_setup_py']
[0.272s] Level 1:colcon.colcon_core.package_identification:_identify(PFE_ws/src) by extension 'python_setup_py'
[0.272s] Level 1:colcon.colcon_core.package_identification:_identify(PFE_ws/src/my_slam) by extensions ['ignore', 'ignore_ament_install']
[0.272s] Level 1:colcon.colcon_core.package_identification:_identify(PFE_ws/src/my_slam) by extension 'ignore'
[0.272s] Level 1:colcon.colcon_core.package_identification:_identify(PFE_ws/src/my_slam) by extension 'ignore_ament_install'
[0.272s] Level 1:colcon.colcon_core.package_identification:_identify(PFE_ws/src/my_slam) by extensions ['colcon_pkg']
[0.272s] Level 1:colcon.colcon_core.package_identification:_identify(PFE_ws/src/my_slam) by extension 'colcon_pkg'
[0.272s] Level 1:colcon.colcon_core.package_identification:_identify(PFE_ws/src/my_slam) by extensions ['colcon_meta']
[0.272s] Level 1:colcon.colcon_core.package_identification:_identify(PFE_ws/src/my_slam) by extension 'colcon_meta'
[0.272s] Level 1:colcon.colcon_core.package_identification:_identify(PFE_ws/src/my_slam) by extensions ['ros']
[0.272s] Level 1:colcon.colcon_core.package_identification:_identify(PFE_ws/src/my_slam) by extension 'ros'
[0.276s] DEBUG:colcon.colcon_core.package_identification:Package 'PFE_ws/src/my_slam' with type 'ros.ament_cmake' and name 'my_slam'
[0.276s] Level 1:colcon.colcon_core.package_identification:_identify(build) by extensions ['ignore', 'ignore_ament_install']
[0.276s] Level 1:colcon.colcon_core.package_identification:_identify(build) by extension 'ignore'
[0.276s] Level 1:colcon.colcon_core.package_identification:_identify(build) ignored
[0.276s] Level 1:colcon.colcon_core.package_identification:_identify(install) by extensions ['ignore', 'ignore_ament_install']
[0.276s] Level 1:colcon.colcon_core.package_identification:_identify(install) by extension 'ignore'
[0.276s] Level 1:colcon.colcon_core.package_identification:_identify(install) ignored
[0.276s] Level 1:colcon.colcon_core.package_identification:_identify(log) by extensions ['ignore', 'ignore_ament_install']
[0.276s] Level 1:colcon.colcon_core.package_identification:_identify(log) by extension 'ignore'
[0.276s] Level 1:colcon.colcon_core.package_identification:_identify(log) ignored
[0.276s] Level 1:colcon.colcon_core.package_discovery:discover_packages(recursive) using defaults
[0.277s] Level 1:colcon.colcon_core.package_discovery:discover_packages(ignore) discover
[0.277s] Level 1:colcon.colcon_core.package_discovery:discover_packages(ignore) using defaults
[0.277s] Level 1:colcon.colcon_core.package_discovery:discover_packages(path) discover
[0.277s] Level 1:colcon.colcon_core.package_discovery:discover_packages(path) using defaults
[0.277s] WARNING:colcon.colcon_core.package_selection:ignoring unknown package 'my_slam_from_scratch' in --packages-select
[0.295s] INFO:colcon.colcon_core.package_selection:Skipping not selected package 'my_slam' in 'PFE_ws/src/my_slam'
[0.296s] Level 1:colcon.colcon_core.package_discovery:discover_packages(prefix_path) check parameters
[0.296s] Level 1:colcon.colcon_core.package_discovery:discover_packages(prefix_path) discover
[0.298s] DEBUG:colcon.colcon_installed_package_information.package_discovery:Found 1 installed packages in /home/zireael/PFE/install
[0.298s] DEBUG:colcon.colcon_installed_package_information.package_discovery:Found 1 installed packages in /home/zireael/PFE/PFE_ws/install
[0.301s] DEBUG:colcon.colcon_installed_package_information.package_discovery:Found 441 installed packages in /opt/ros/jazzy
[0.303s] Level 1:colcon.colcon_core.package_discovery:discover_packages(prefix_path) using defaults
[0.368s] INFO:colcon.colcon_core.executor:Executing jobs using 'parallel' executor
[0.369s] DEBUG:colcon.colcon_parallel_executor.executor.parallel:run_until_complete
[0.369s] DEBUG:colcon.colcon_parallel_executor.executor.parallel:closing loop
[0.373s] DEBUG:colcon.colcon_parallel_executor.executor.parallel:loop closed
[0.373s] DEBUG:colcon.colcon_parallel_executor.executor.parallel:run_until_complete finished with '0'
[0.373s] DEBUG:colcon.colcon_core.event_reactor:joining thread
[0.406s] INFO:colcon.colcon_core.plugin_system:Skipping extension 'colcon_notification.desktop_notification.notify_send': Could not find 'notify-send'
[0.406s] INFO:colcon.colcon_core.plugin_system:Skipping extension 'colcon_notification.desktop_notification.terminal_notifier': Not used on non-Darwin systems
[0.406s] INFO:colcon.colcon_core.plugin_system:Skipping extension 'colcon_notification.desktop_notification.win32': Not used on non-Windows systems
[0.406s] INFO:colcon.colcon_notification.desktop_notification:Sending desktop notification using 'notify2'
[0.408s] DEBUG:colcon.colcon_notification.desktop_notification.notify2:Failed to initialize notify2: org.freedesktop.DBus.Error.ServiceUnknown: The name org.freedesktop.Notifications was not provided by any .service files
[0.408s] DEBUG:colcon.colcon_core.event_reactor:joined thread
[0.410s] INFO:colcon.colcon_core.plugin_system:Skipping extension 'colcon_core.shell.bat': Not used on non-Windows systems
[0.410s] INFO:colcon.colcon_core.shell:Creating prefix script '/home/zireael/PFE/install/local_setup.ps1'
[0.411s] INFO:colcon.colcon_core.shell:Creating prefix util module '/home/zireael/PFE/install/_local_setup_util_ps1.py'
[0.412s] INFO:colcon.colcon_core.shell:Creating prefix chain script '/home/zireael/PFE/install/setup.ps1'
[0.413s] INFO:colcon.colcon_core.shell:Creating prefix script '/home/zireael/PFE/install/local_setup.sh'
[0.413s] INFO:colcon.colcon_core.shell:Creating prefix util module '/home/zireael/PFE/install/_local_setup_util_sh.py'
[0.414s] INFO:colcon.colcon_core.shell:Creating prefix chain script '/home/zireael/PFE/install/setup.sh'
[0.415s] INFO:colcon.colcon_core.shell:Creating prefix script '/home/zireael/PFE/install/local_setup.bash'
[0.415s] INFO:colcon.colcon_core.shell:Creating prefix chain script '/home/zireael/PFE/install/setup.bash'
[0.416s] INFO:colcon.colcon_core.shell:Creating prefix script '/home/zireael/PFE/install/local_setup.zsh'
[0.417s] INFO:colcon.colcon_core.shell:Creating prefix chain script '/home/zireael/PFE/install/setup.zsh'
