[0.025s] Invoking command in '/home/zireael/PFE/PFE_ws/build/my_slam': CMAKE_PREFIX_PATH=${CMAKE_PREFIX_PATH}:/opt/ros/jazzy /usr/bin/cmake /home/zireael/PFE/PFE_ws/src/my_slam -DAMENT_CMAKE_SYMLINK_INSTALL=1 -DCMAKE_INSTALL_PREFIX=/home/zireael/PFE/PFE_ws/install/my_slam
[0.205s] -- The C compiler identification is GNU 13.3.0
[0.797s] -- The CXX compiler identification is GNU 13.3.0
[1.321s] -- Detecting C compiler ABI info
[1.649s] -- Detecting C compiler ABI info - done
[1.656s] -- Check for working C compiler: /usr/bin/cc - skipped
[1.656s] -- Detecting C compile features
[1.657s] -- Detecting C compile features - done
[1.738s] -- Detecting CXX compiler ABI info
[2.051s] -- Detecting CXX compiler ABI info - done
[2.066s] -- Check for working CXX compiler: /usr/bin/c++ - skipped
[2.066s] -- Detecting CXX compile features
[2.066s] -- Detecting CXX compile features - done
[2.078s] -- Found ament_cmake: 2.5.5 (/opt/ros/jazzy/share/ament_cmake/cmake)
[2.283s] -- Found Python3: /usr/bin/python3 (found version "3.12.3") found components: Interpreter 
[2.380s] -- Override CMake install command with custom implementation using symlinks instead of copying resources
[2.468s] -- Found rclcpp: 28.1.16 (/opt/ros/jazzy/share/rclcpp/cmake)
[2.678s] -- Found rosidl_generator_c: 4.6.7 (/opt/ros/jazzy/share/rosidl_generator_c/cmake)
[2.706s] -- Found rosidl_generator_cpp: 4.6.7 (/opt/ros/jazzy/share/rosidl_generator_cpp/cmake)
[2.740s] -- Using all available rosidl_typesupport_c: rosidl_typesupport_fastrtps_c;rosidl_typesupport_introspection_c
[2.774s] -- Using all available rosidl_typesupport_cpp: rosidl_typesupport_fastrtps_cpp;rosidl_typesupport_introspection_cpp
[2.914s] -- Found rmw_implementation_cmake: 7.3.3 (/opt/ros/jazzy/share/rmw_implementation_cmake/cmake)
[2.921s] -- Found rmw_fastrtps_cpp: 8.4.3 (/opt/ros/jazzy/share/rmw_fastrtps_cpp/cmake)
[3.082s] -- Found OpenSSL: /usr/lib/x86_64-linux-gnu/libcrypto.so (found version "3.0.13")  
[3.261s] -- Found FastRTPS: /opt/ros/jazzy/include (Required is at least version "2.13") 
[3.366s] -- Using RMW implementation 'rmw_fastrtps_cpp' as default
[3.604s] -- Found sensor_msgs: 5.3.6 (/opt/ros/jazzy/share/sensor_msgs/cmake)
[3.702s] -- Found nav_msgs: 5.3.6 (/opt/ros/jazzy/share/nav_msgs/cmake)
[3.739s] -- Found tf2: 0.36.19 (/opt/ros/jazzy/share/tf2/cmake)
[3.747s] -- Found tf2_ros: 0.36.19 (/opt/ros/jazzy/share/tf2_ros/cmake)
[3.952s] -- Configuring done (3.9s)
[3.980s] -- Generating done (0.0s)
[3.989s] -- Build files have been written to: /home/zireael/PFE/PFE_ws/build/my_slam
[4.007s] Invoked command in '/home/zireael/PFE/PFE_ws/build/my_slam' returned '0': CMAKE_PREFIX_PATH=${CMAKE_PREFIX_PATH}:/opt/ros/jazzy /usr/bin/cmake /home/zireael/PFE/PFE_ws/src/my_slam -DAMENT_CMAKE_SYMLINK_INSTALL=1 -DCMAKE_INSTALL_PREFIX=/home/zireael/PFE/PFE_ws/install/my_slam
[4.009s] Invoking command in '/home/zireael/PFE/PFE_ws/build/my_slam': CMAKE_PREFIX_PATH=${CMAKE_PREFIX_PATH}:/opt/ros/jazzy /usr/bin/cmake --build /home/zireael/PFE/PFE_ws/build/my_slam -- -j16 -l16
[4.114s] [ 50%] [32mBuilding CXX object CMakeFiles/slam_node.dir/src/slam_node.cpp.o[0m
[5.117s] [01m[K/home/zireael/PFE/PFE_ws/src/my_slam/src/slam_node.cpp:9:10:[m[K [01;31m[Kfatal error: [m[Kmy_slam_from_scratch/scan_matcher.hpp: No such file or directory
[5.117s]     9 | #include [01;31m[K"my_slam_from_scratch/scan_matcher.hpp"[m[K
[5.117s]       |          [01;31m[K^~~~~~~~~~~~~~~~~~~~[m[K
[5.117s] compilation terminated.
[5.123s] gmake[2]: *** [CMakeFiles/slam_node.dir/build.make:76: CMakeFiles/slam_node.dir/src/slam_node.cpp.o] Error 1
[5.129s] gmake[1]: *** [CMakeFiles/Makefile2:137: CMakeFiles/slam_node.dir/all] Error 2
[5.130s] gmake: *** [Makefile:146: all] Error 2
[5.134s] Invoked command in '/home/zireael/PFE/PFE_ws/build/my_slam' returned '2': CMAKE_PREFIX_PATH=${CMAKE_PREFIX_PATH}:/opt/ros/jazzy /usr/bin/cmake --build /home/zireael/PFE/PFE_ws/build/my_slam -- -j16 -l16
