[0.032s] Invoking command in '/home/zireael/TPE_ws/build/my_slam': CMAKE_PREFIX_PATH=${CMAKE_PREFIX_PATH}:/opt/ros/jazzy /usr/bin/cmake /home/zireael/TPE_ws/src/my_slam -DAMENT_CMAKE_SYMLINK_INSTALL=1 -DCMAKE_INSTALL_PREFIX=/home/zireael/TPE_ws/install/my_slam
[0.519s] -- The C compiler identification is GNU 13.3.0
[1.503s] -- The CXX compiler identification is GNU 13.3.0
[2.245s] -- Detecting C compiler ABI info
[2.661s] -- Detecting C compiler ABI info - done
[2.670s] -- Check for working C compiler: /usr/bin/cc - skipped
[2.671s] -- Detecting C compile features
[2.672s] -- Detecting C compile features - done
[2.805s] -- Detecting CXX compiler ABI info
[3.201s] -- Detecting CXX compiler ABI info - done
[3.209s] -- Check for working CXX compiler: /usr/bin/c++ - skipped
[3.210s] -- Detecting CXX compile features
[3.211s] -- Detecting CXX compile features - done
[3.274s] -- Found ament_cmake: 2.5.5 (/opt/ros/jazzy/share/ament_cmake/cmake)
[3.503s] -- Found Python3: /usr/bin/python3 (found version "3.12.3") found components: Interpreter 
[3.614s] -- Override CMake install command with custom implementation using symlinks instead of copying resources
[3.734s] -- Found rclcpp: 28.1.16 (/opt/ros/jazzy/share/rclcpp/cmake)
[4.022s] -- Found rosidl_generator_c: 4.6.7 (/opt/ros/jazzy/share/rosidl_generator_c/cmake)
[4.054s] -- Found rosidl_generator_cpp: 4.6.7 (/opt/ros/jazzy/share/rosidl_generator_cpp/cmake)
[4.126s] -- Using all available rosidl_typesupport_c: rosidl_typesupport_fastrtps_c;rosidl_typesupport_introspection_c
[4.177s] -- Using all available rosidl_typesupport_cpp: rosidl_typesupport_fastrtps_cpp;rosidl_typesupport_introspection_cpp
[4.384s] -- Found rmw_implementation_cmake: 7.3.3 (/opt/ros/jazzy/share/rmw_implementation_cmake/cmake)
[4.392s] -- Found rmw_fastrtps_cpp: 8.4.3 (/opt/ros/jazzy/share/rmw_fastrtps_cpp/cmake)
[4.619s] -- Found OpenSSL: /usr/lib/x86_64-linux-gnu/libcrypto.so (found version "3.0.13")  
[4.872s] -- Found FastRTPS: /opt/ros/jazzy/include (Required is at least version "2.13") 
[5.016s] -- Using RMW implementation 'rmw_fastrtps_cpp' as default
[5.332s] -- Found sensor_msgs: 5.3.6 (/opt/ros/jazzy/share/sensor_msgs/cmake)
[5.457s] -- Found nav_msgs: 5.3.6 (/opt/ros/jazzy/share/nav_msgs/cmake)
[5.510s] -- Found ament_lint_auto: 0.17.4 (/opt/ros/jazzy/share/ament_lint_auto/cmake)
[5.693s] -- Added test 'flake8' to check Python code syntax and style conventions
[5.694s] -- Configured 'flake8' exclude dirs and/or files: 
[5.696s] -- Added test 'lint_cmake' to check CMake code style
[5.697s] -- Added test 'pep257' to check Python code against some of the docstring style conventions in PEP 257
[5.700s] -- Added test 'xmllint' to check XML markup files
[5.706s] -- Configuring done (5.6s)
[5.718s] -- Generating done (0.0s)
[5.722s] -- Build files have been written to: /home/zireael/TPE_ws/build/my_slam
[5.744s] Invoked command in '/home/zireael/TPE_ws/build/my_slam' returned '0': CMAKE_PREFIX_PATH=${CMAKE_PREFIX_PATH}:/opt/ros/jazzy /usr/bin/cmake /home/zireael/TPE_ws/src/my_slam -DAMENT_CMAKE_SYMLINK_INSTALL=1 -DCMAKE_INSTALL_PREFIX=/home/zireael/TPE_ws/install/my_slam
[5.745s] Invoking command in '/home/zireael/TPE_ws/build/my_slam': CMAKE_PREFIX_PATH=${CMAKE_PREFIX_PATH}:/opt/ros/jazzy /usr/bin/cmake --build /home/zireael/TPE_ws/build/my_slam -- -j16 -l16
[5.828s] Invoked command in '/home/zireael/TPE_ws/build/my_slam' returned '0': CMAKE_PREFIX_PATH=${CMAKE_PREFIX_PATH}:/opt/ros/jazzy /usr/bin/cmake --build /home/zireael/TPE_ws/build/my_slam -- -j16 -l16
[5.842s] Invoking command in '/home/zireael/TPE_ws/build/my_slam': CMAKE_PREFIX_PATH=${CMAKE_PREFIX_PATH}:/opt/ros/jazzy /usr/bin/cmake --install /home/zireael/TPE_ws/build/my_slam
[5.864s] -- Install configuration: ""
[5.864s] -- Execute custom install script
[5.864s] -- Symlinking: /home/zireael/TPE_ws/install/my_slam/share/my_slam/config/slam_toolbox_params.yaml
[5.878s] -- Symlinking: /home/zireael/TPE_ws/install/my_slam/share/my_slam/launch/slam.launch.py
[5.901s] -- Symlinking: /home/zireael/TPE_ws/install/my_slam/share/ament_index/resource_index/package_run_dependencies/my_slam
[5.917s] -- Symlinking: /home/zireael/TPE_ws/install/my_slam/share/ament_index/resource_index/parent_prefix_path/my_slam
[5.935s] -- Symlinking: /home/zireael/TPE_ws/install/my_slam/share/my_slam/environment/ament_prefix_path.sh
[5.954s] -- Symlinking: /home/zireael/TPE_ws/install/my_slam/share/my_slam/environment/ament_prefix_path.dsv
[5.971s] -- Symlinking: /home/zireael/TPE_ws/install/my_slam/share/my_slam/environment/path.sh
[5.986s] -- Symlinking: /home/zireael/TPE_ws/install/my_slam/share/my_slam/environment/path.dsv
[6.004s] -- Symlinking: /home/zireael/TPE_ws/install/my_slam/share/my_slam/local_setup.bash
[6.023s] -- Symlinking: /home/zireael/TPE_ws/install/my_slam/share/my_slam/local_setup.sh
[6.047s] -- Symlinking: /home/zireael/TPE_ws/install/my_slam/share/my_slam/local_setup.zsh
[6.066s] -- Symlinking: /home/zireael/TPE_ws/install/my_slam/share/my_slam/local_setup.dsv
[6.085s] -- Symlinking: /home/zireael/TPE_ws/install/my_slam/share/my_slam/package.dsv
[6.104s] -- Symlinking: /home/zireael/TPE_ws/install/my_slam/share/ament_index/resource_index/packages/my_slam
[6.120s] -- Symlinking: /home/zireael/TPE_ws/install/my_slam/share/my_slam/cmake/my_slamConfig.cmake
[6.143s] -- Symlinking: /home/zireael/TPE_ws/install/my_slam/share/my_slam/cmake/my_slamConfig-version.cmake
[6.164s] -- Symlinking: /home/zireael/TPE_ws/install/my_slam/share/my_slam/package.xml
[6.189s] Invoked command in '/home/zireael/TPE_ws/build/my_slam' returned '0': CMAKE_PREFIX_PATH=${CMAKE_PREFIX_PATH}:/opt/ros/jazzy /usr/bin/cmake --install /home/zireael/TPE_ws/build/my_slam
