[0.306s] DEBUG:colcon:Command line arguments: ['/usr/bin/colcon', 'build']
[0.306s] DEBUG:colcon:Parsed command line arguments: Namespace(log_base=None, log_level=None, verb_name='build', build_base='build', install_base='install', merge_install=False, symlink_install=False, test_result_base=None, continue_on_error=False, executor='parallel', parallel_workers=16, event_handlers=None, ignore_user_meta=False, metas=['./colcon.meta'], base_paths=['.'], packages_ignore=None, packages_ignore_regex=None, paths=None, packages_up_to=None, packages_up_to_regex=None, packages_above=None, packages_above_and_dependencies=None, packages_above_depth=None, packages_select_by_dep=None, packages_skip_by_dep=None, packages_skip_up_to=None, packages_select_build_failed=False, packages_skip_build_finished=False, packages_select_test_failures=False, packages_skip_test_passed=False, packages_select=None, packages_skip=None, packages_select_regex=None, packages_skip_regex=None, packages_start=None, packages_end=None, allow_overriding=[], cmake_args=None, cmake_target=None, cmake_target_skip_unavailable=False, cmake_clean_cache=False, cmake_clean_first=False, cmake_force_configure=False, ament_cmake_args=None, catkin_cmake_args=None, catkin_skip_building_tests=False, mixin_files=None, mixin=None, verb_parser=<colcon_mixin.mixin.mixin_argument.MixinArgumentDecorator object at 0x7f970047a0f0>, verb_extension=<colcon_core.verb.build.BuildVerb object at 0x7f9700425e20>, main=<bound method BuildVerb.main of <colcon_core.verb.build.BuildVerb object at 0x7f9700425e20>>, mixin_verb=('build',))
[0.360s] Level 1:colcon.colcon_core.package_discovery:discover_packages(colcon_meta) check parameters
[0.360s] Level 1:colcon.colcon_core.package_discovery:discover_packages(recursive) check parameters
[0.360s] Level 1:colcon.colcon_core.package_discovery:discover_packages(ignore) check parameters
[0.360s] Level 1:colcon.colcon_core.package_discovery:discover_packages(path) check parameters
[0.360s] Level 1:colcon.colcon_core.package_discovery:discover_packages(colcon_meta) discover
[0.360s] Level 1:colcon.colcon_core.package_discovery:discover_packages(recursive) discover
[0.360s] INFO:colcon.colcon_core.package_discovery:Crawling recursively for packages in '/home/zireael/PFE'
[0.360s] Level 1:colcon.colcon_core.package_identification:_identify(.) by extensions ['ignore', 'ignore_ament_install']
[0.360s] Level 1:colcon.colcon_core.package_identification:_identify(.) by extension 'ignore'
[0.360s] Level 1:colcon.colcon_core.package_identification:_identify(.) by extension 'ignore_ament_install'
[0.360s] Level 1:colcon.colcon_core.package_identification:_identify(.) by extensions ['colcon_pkg']
[0.360s] Level 1:colcon.colcon_core.package_identification:_identify(.) by extension 'colcon_pkg'
[0.361s] Level 1:colcon.colcon_core.package_identification:_identify(.) by extensions ['colcon_meta']
[0.361s] Level 1:colcon.colcon_core.package_identification:_identify(.) by extension 'colcon_meta'
[0.361s] Level 1:colcon.colcon_core.package_identification:_identify(.) by extensions ['ros']
[0.361s] Level 1:colcon.colcon_core.package_identification:_identify(.) by extension 'ros'
[0.388s] Level 1:colcon.colcon_core.package_identification:_identify(.) by extensions ['cmake', 'python']
[0.388s] Level 1:colcon.colcon_core.package_identification:_identify(.) by extension 'cmake'
[0.388s] Level 1:colcon.colcon_core.package_identification:_identify(.) by extension 'python'
[0.388s] Level 1:colcon.colcon_core.package_identification:_identify(.) by extensions ['python_setup_py']
[0.388s] Level 1:colcon.colcon_core.package_identification:_identify(.) by extension 'python_setup_py'
[0.388s] Level 1:colcon.colcon_core.package_identification:_identify(PFE_ws) by extensions ['ignore', 'ignore_ament_install']
[0.388s] Level 1:colcon.colcon_core.package_identification:_identify(PFE_ws) by extension 'ignore'
[0.388s] Level 1:colcon.colcon_core.package_identification:_identify(PFE_ws) by extension 'ignore_ament_install'
[0.388s] Level 1:colcon.colcon_core.package_identification:_identify(PFE_ws) by extensions ['colcon_pkg']
[0.388s] Level 1:colcon.colcon_core.package_identification:_identify(PFE_ws) by extension 'colcon_pkg'
[0.388s] Level 1:colcon.colcon_core.package_identification:_identify(PFE_ws) by extensions ['colcon_meta']
[0.388s] Level 1:colcon.colcon_core.package_identification:_identify(PFE_ws) by extension 'colcon_meta'
[0.388s] Level 1:colcon.colcon_core.package_identification:_identify(PFE_ws) by extensions ['ros']
[0.388s] Level 1:colcon.colcon_core.package_identification:_identify(PFE_ws) by extension 'ros'
[0.389s] Level 1:colcon.colcon_core.package_identification:_identify(PFE_ws) by extensions ['cmake', 'python']
[0.389s] Level 1:colcon.colcon_core.package_identification:_identify(PFE_ws) by extension 'cmake'
[0.389s] Level 1:colcon.colcon_core.package_identification:_identify(PFE_ws) by extension 'python'
[0.389s] Level 1:colcon.colcon_core.package_identification:_identify(PFE_ws) by extensions ['python_setup_py']
[0.389s] Level 1:colcon.colcon_core.package_identification:_identify(PFE_ws) by extension 'python_setup_py'
[0.389s] Level 1:colcon.colcon_core.package_identification:_identify(PFE_ws/build) by extensions ['ignore', 'ignore_ament_install']
[0.389s] Level 1:colcon.colcon_core.package_identification:_identify(PFE_ws/build) by extension 'ignore'
[0.389s] Level 1:colcon.colcon_core.package_identification:_identify(PFE_ws/build) ignored
[0.389s] Level 1:colcon.colcon_core.package_identification:_identify(PFE_ws/install) by extensions ['ignore', 'ignore_ament_install']
[0.389s] Level 1:colcon.colcon_core.package_identification:_identify(PFE_ws/install) by extension 'ignore'
[0.389s] Level 1:colcon.colcon_core.package_identification:_identify(PFE_ws/install) ignored
[0.390s] Level 1:colcon.colcon_core.package_identification:_identify(PFE_ws/log) by extensions ['ignore', 'ignore_ament_install']
[0.390s] Level 1:colcon.colcon_core.package_identification:_identify(PFE_ws/log) by extension 'ignore'
[0.390s] Level 1:colcon.colcon_core.package_identification:_identify(PFE_ws/log) ignored
[0.390s] Level 1:colcon.colcon_core.package_identification:_identify(PFE_ws/src) by extensions ['ignore', 'ignore_ament_install']
[0.390s] Level 1:colcon.colcon_core.package_identification:_identify(PFE_ws/src) by extension 'ignore'
[0.390s] Level 1:colcon.colcon_core.package_identification:_identify(PFE_ws/src) by extension 'ignore_ament_install'
[0.390s] Level 1:colcon.colcon_core.package_identification:_identify(PFE_ws/src) by extensions ['colcon_pkg']
[0.390s] Level 1:colcon.colcon_core.package_identification:_identify(PFE_ws/src) by extension 'colcon_pkg'
[0.390s] Level 1:colcon.colcon_core.package_identification:_identify(PFE_ws/src) by extensions ['colcon_meta']
[0.390s] Level 1:colcon.colcon_core.package_identification:_identify(PFE_ws/src) by extension 'colcon_meta'
[0.390s] Level 1:colcon.colcon_core.package_identification:_identify(PFE_ws/src) by extensions ['ros']
[0.390s] Level 1:colcon.colcon_core.package_identification:_identify(PFE_ws/src) by extension 'ros'
[0.391s] Level 1:colcon.colcon_core.package_identification:_identify(PFE_ws/src) by extensions ['cmake', 'python']
[0.391s] Level 1:colcon.colcon_core.package_identification:_identify(PFE_ws/src) by extension 'cmake'
[0.391s] Level 1:colcon.colcon_core.package_identification:_identify(PFE_ws/src) by extension 'python'
[0.391s] Level 1:colcon.colcon_core.package_identification:_identify(PFE_ws/src) by extensions ['python_setup_py']
[0.391s] Level 1:colcon.colcon_core.package_identification:_identify(PFE_ws/src) by extension 'python_setup_py'
[0.391s] Level 1:colcon.colcon_core.package_identification:_identify(PFE_ws/src/my_slam) by extensions ['ignore', 'ignore_ament_install']
[0.391s] Level 1:colcon.colcon_core.package_identification:_identify(PFE_ws/src/my_slam) by extension 'ignore'
[0.391s] Level 1:colcon.colcon_core.package_identification:_identify(PFE_ws/src/my_slam) by extension 'ignore_ament_install'
[0.391s] Level 1:colcon.colcon_core.package_identification:_identify(PFE_ws/src/my_slam) by extensions ['colcon_pkg']
[0.391s] Level 1:colcon.colcon_core.package_identification:_identify(PFE_ws/src/my_slam) by extension 'colcon_pkg'
[0.391s] Level 1:colcon.colcon_core.package_identification:_identify(PFE_ws/src/my_slam) by extensions ['colcon_meta']
[0.391s] Level 1:colcon.colcon_core.package_identification:_identify(PFE_ws/src/my_slam) by extension 'colcon_meta'
[0.391s] Level 1:colcon.colcon_core.package_identification:_identify(PFE_ws/src/my_slam) by extensions ['ros']
[0.391s] Level 1:colcon.colcon_core.package_identification:_identify(PFE_ws/src/my_slam) by extension 'ros'
[0.394s] DEBUG:colcon.colcon_core.package_identification:Package 'PFE_ws/src/my_slam' with type 'ros.ament_cmake' and name 'my_slam'
[0.395s] Level 1:colcon.colcon_core.package_identification:_identify(build) by extensions ['ignore', 'ignore_ament_install']
[0.395s] Level 1:colcon.colcon_core.package_identification:_identify(build) by extension 'ignore'
[0.395s] Level 1:colcon.colcon_core.package_identification:_identify(build) ignored
[0.395s] Level 1:colcon.colcon_core.package_identification:_identify(install) by extensions ['ignore', 'ignore_ament_install']
[0.395s] Level 1:colcon.colcon_core.package_identification:_identify(install) by extension 'ignore'
[0.395s] Level 1:colcon.colcon_core.package_identification:_identify(install) ignored
[0.395s] Level 1:colcon.colcon_core.package_identification:_identify(log) by extensions ['ignore', 'ignore_ament_install']
[0.395s] Level 1:colcon.colcon_core.package_identification:_identify(log) by extension 'ignore'
[0.395s] Level 1:colcon.colcon_core.package_identification:_identify(log) ignored
[0.395s] Level 1:colcon.colcon_core.package_discovery:discover_packages(recursive) using defaults
[0.395s] Level 1:colcon.colcon_core.package_discovery:discover_packages(ignore) discover
[0.395s] Level 1:colcon.colcon_core.package_discovery:discover_packages(ignore) using defaults
[0.395s] Level 1:colcon.colcon_core.package_discovery:discover_packages(path) discover
[0.395s] Level 1:colcon.colcon_core.package_discovery:discover_packages(path) using defaults
[0.425s] Level 1:colcon.colcon_core.package_discovery:discover_packages(prefix_path) check parameters
[0.425s] Level 1:colcon.colcon_core.package_discovery:discover_packages(prefix_path) discover
[0.430s] DEBUG:colcon.colcon_installed_package_information.package_discovery:Found 1 installed packages in /home/zireael/PFE/PFE_ws/install
[0.432s] DEBUG:colcon.colcon_installed_package_information.package_discovery:Found 441 installed packages in /opt/ros/jazzy
[0.434s] Level 1:colcon.colcon_core.package_discovery:discover_packages(prefix_path) using defaults
[0.506s] Level 5:colcon.colcon_core.verb:set package 'my_slam' build argument 'cmake_args' from command line to 'None'
[0.506s] Level 5:colcon.colcon_core.verb:set package 'my_slam' build argument 'cmake_target' from command line to 'None'
[0.506s] Level 5:colcon.colcon_core.verb:set package 'my_slam' build argument 'cmake_target_skip_unavailable' from command line to 'False'
[0.506s] Level 5:colcon.colcon_core.verb:set package 'my_slam' build argument 'cmake_clean_cache' from command line to 'False'
[0.506s] Level 5:colcon.colcon_core.verb:set package 'my_slam' build argument 'cmake_clean_first' from command line to 'False'
[0.506s] Level 5:colcon.colcon_core.verb:set package 'my_slam' build argument 'cmake_force_configure' from command line to 'False'
[0.506s] Level 5:colcon.colcon_core.verb:set package 'my_slam' build argument 'ament_cmake_args' from command line to 'None'
[0.506s] Level 5:colcon.colcon_core.verb:set package 'my_slam' build argument 'catkin_cmake_args' from command line to 'None'
[0.506s] Level 5:colcon.colcon_core.verb:set package 'my_slam' build argument 'catkin_skip_building_tests' from command line to 'False'
[0.506s] DEBUG:colcon.colcon_core.verb:Building package 'my_slam' with the following arguments: {'ament_cmake_args': None, 'build_base': '/home/zireael/PFE/build/my_slam', 'catkin_cmake_args': None, 'catkin_skip_building_tests': False, 'cmake_args': None, 'cmake_clean_cache': False, 'cmake_clean_first': False, 'cmake_force_configure': False, 'cmake_target': None, 'cmake_target_skip_unavailable': False, 'install_base': '/home/zireael/PFE/install/my_slam', 'merge_install': False, 'path': '/home/zireael/PFE/PFE_ws/src/my_slam', 'symlink_install': False, 'test_result_base': None}
[0.506s] INFO:colcon.colcon_core.executor:Executing jobs using 'parallel' executor
[0.509s] DEBUG:colcon.colcon_parallel_executor.executor.parallel:run_until_complete
[0.509s] INFO:colcon.colcon_ros.task.ament_cmake.build:Building ROS package in '/home/zireael/PFE/PFE_ws/src/my_slam' with build type 'ament_cmake'
[0.509s] INFO:colcon.colcon_cmake.task.cmake.build:Building CMake package in '/home/zireael/PFE/PFE_ws/src/my_slam'
[0.516s] INFO:colcon.colcon_core.plugin_system:Skipping extension 'colcon_core.shell.bat': Not used on non-Windows systems
[0.517s] INFO:colcon.colcon_core.shell:Skip shell extension 'powershell' for command environment: Not usable outside of PowerShell
[0.517s] DEBUG:colcon.colcon_core.shell:Skip shell extension 'dsv' for command environment
[0.541s] DEBUG:colcon.colcon_core.event_handler.log_command:Invoking command in '/home/zireael/PFE/build/my_slam': CMAKE_PREFIX_PATH=${CMAKE_PREFIX_PATH}:/opt/ros/jazzy /usr/bin/cmake /home/zireael/PFE/PFE_ws/src/my_slam -DCMAKE_INSTALL_PREFIX=/home/zireael/PFE/install/my_slam
[4.142s] DEBUG:colcon.colcon_core.event_handler.log_command:Invoked command in '/home/zireael/PFE/build/my_slam' returned '0': CMAKE_PREFIX_PATH=${CMAKE_PREFIX_PATH}:/opt/ros/jazzy /usr/bin/cmake /home/zireael/PFE/PFE_ws/src/my_slam -DCMAKE_INSTALL_PREFIX=/home/zireael/PFE/install/my_slam
[4.143s] DEBUG:colcon.colcon_core.event_handler.log_command:Invoking command in '/home/zireael/PFE/build/my_slam': CMAKE_PREFIX_PATH=${CMAKE_PREFIX_PATH}:/opt/ros/jazzy /usr/bin/cmake --build /home/zireael/PFE/build/my_slam -- -j16 -l16
[19.900s] DEBUG:colcon.colcon_core.event_handler.log_command:Invoked command in '/home/zireael/PFE/build/my_slam' returned '0': CMAKE_PREFIX_PATH=${CMAKE_PREFIX_PATH}:/opt/ros/jazzy /usr/bin/cmake --build /home/zireael/PFE/build/my_slam -- -j16 -l16
[19.920s] DEBUG:colcon.colcon_core.event_handler.log_command:Invoking command in '/home/zireael/PFE/build/my_slam': CMAKE_PREFIX_PATH=${CMAKE_PREFIX_PATH}:/opt/ros/jazzy /usr/bin/cmake --install /home/zireael/PFE/build/my_slam
[19.950s] Level 1:colcon.colcon_core.environment:create_environment_scripts_only(my_slam)
[19.951s] DEBUG:colcon.colcon_core.event_handler.log_command:Invoked command in '/home/zireael/PFE/build/my_slam' returned '0': CMAKE_PREFIX_PATH=${CMAKE_PREFIX_PATH}:/opt/ros/jazzy /usr/bin/cmake --install /home/zireael/PFE/build/my_slam
[19.966s] Level 1:colcon.colcon_core.environment:checking '/home/zireael/PFE/install/my_slam' for CMake module files
[19.967s] Level 1:colcon.colcon_core.environment:checking '/home/zireael/PFE/install/my_slam' for CMake config files
[19.967s] Level 1:colcon.colcon_core.environment:checking '/home/zireael/PFE/install/my_slam/lib'
[19.968s] Level 1:colcon.colcon_core.environment:checking '/home/zireael/PFE/install/my_slam/bin'
[19.968s] Level 1:colcon.colcon_core.environment:checking '/home/zireael/PFE/install/my_slam/lib/pkgconfig/my_slam.pc'
[19.968s] Level 1:colcon.colcon_core.environment:checking '/home/zireael/PFE/install/my_slam/lib/python3.12/site-packages'
[19.969s] Level 1:colcon.colcon_core.environment:checking '/home/zireael/PFE/install/my_slam/bin'
[19.969s] INFO:colcon.colcon_core.shell:Creating package script '/home/zireael/PFE/install/my_slam/share/my_slam/package.ps1'
[19.971s] INFO:colcon.colcon_core.shell:Creating package descriptor '/home/zireael/PFE/install/my_slam/share/my_slam/package.dsv'
[19.972s] INFO:colcon.colcon_core.shell:Creating package script '/home/zireael/PFE/install/my_slam/share/my_slam/package.sh'
[19.973s] INFO:colcon.colcon_core.shell:Creating package script '/home/zireael/PFE/install/my_slam/share/my_slam/package.bash'
[19.974s] INFO:colcon.colcon_core.shell:Creating package script '/home/zireael/PFE/install/my_slam/share/my_slam/package.zsh'
[19.975s] Level 1:colcon.colcon_core.environment:create_file_with_runtime_dependencies(/home/zireael/PFE/install/my_slam/share/colcon-core/packages/my_slam)
[19.977s] Level 1:colcon.colcon_core.environment:create_environment_scripts_only(my_slam)
[19.977s] Level 1:colcon.colcon_core.environment:checking '/home/zireael/PFE/install/my_slam' for CMake module files
[19.977s] Level 1:colcon.colcon_core.environment:checking '/home/zireael/PFE/install/my_slam' for CMake config files
[19.978s] Level 1:colcon.colcon_core.environment:checking '/home/zireael/PFE/install/my_slam/lib'
[19.978s] Level 1:colcon.colcon_core.environment:checking '/home/zireael/PFE/install/my_slam/bin'
[19.978s] Level 1:colcon.colcon_core.environment:checking '/home/zireael/PFE/install/my_slam/lib/pkgconfig/my_slam.pc'
[19.978s] Level 1:colcon.colcon_core.environment:checking '/home/zireael/PFE/install/my_slam/lib/python3.12/site-packages'
[19.979s] Level 1:colcon.colcon_core.environment:checking '/home/zireael/PFE/install/my_slam/bin'
[19.979s] INFO:colcon.colcon_core.shell:Creating package script '/home/zireael/PFE/install/my_slam/share/my_slam/package.ps1'
[19.979s] INFO:colcon.colcon_core.shell:Creating package descriptor '/home/zireael/PFE/install/my_slam/share/my_slam/package.dsv'
[19.980s] INFO:colcon.colcon_core.shell:Creating package script '/home/zireael/PFE/install/my_slam/share/my_slam/package.sh'
[19.980s] INFO:colcon.colcon_core.shell:Creating package script '/home/zireael/PFE/install/my_slam/share/my_slam/package.bash'
[19.981s] INFO:colcon.colcon_core.shell:Creating package script '/home/zireael/PFE/install/my_slam/share/my_slam/package.zsh'
[19.981s] Level 1:colcon.colcon_core.environment:create_file_with_runtime_dependencies(/home/zireael/PFE/install/my_slam/share/colcon-core/packages/my_slam)
[19.981s] DEBUG:colcon.colcon_parallel_executor.executor.parallel:closing loop
[19.982s] DEBUG:colcon.colcon_parallel_executor.executor.parallel:loop closed
[19.982s] DEBUG:colcon.colcon_parallel_executor.executor.parallel:run_until_complete finished with '0'
[19.983s] DEBUG:colcon.colcon_core.event_reactor:joining thread
[20.050s] INFO:colcon.colcon_core.plugin_system:Skipping extension 'colcon_notification.desktop_notification.notify_send': Could not find 'notify-send'
[20.050s] INFO:colcon.colcon_core.plugin_system:Skipping extension 'colcon_notification.desktop_notification.terminal_notifier': Not used on non-Darwin systems
[20.050s] INFO:colcon.colcon_core.plugin_system:Skipping extension 'colcon_notification.desktop_notification.win32': Not used on non-Windows systems
[20.050s] INFO:colcon.colcon_notification.desktop_notification:Sending desktop notification using 'notify2'
[20.052s] DEBUG:colcon.colcon_notification.desktop_notification.notify2:Failed to initialize notify2: org.freedesktop.DBus.Error.ServiceUnknown: The name org.freedesktop.Notifications was not provided by any .service files
[20.052s] DEBUG:colcon.colcon_core.event_reactor:joined thread
[20.052s] INFO:colcon.colcon_core.shell:Creating prefix script '/home/zireael/PFE/install/local_setup.ps1'
[20.054s] INFO:colcon.colcon_core.shell:Creating prefix util module '/home/zireael/PFE/install/_local_setup_util_ps1.py'
[20.059s] INFO:colcon.colcon_core.shell:Creating prefix chain script '/home/zireael/PFE/install/setup.ps1'
[20.060s] INFO:colcon.colcon_core.shell:Creating prefix script '/home/zireael/PFE/install/local_setup.sh'
[20.061s] INFO:colcon.colcon_core.shell:Creating prefix util module '/home/zireael/PFE/install/_local_setup_util_sh.py'
[20.062s] INFO:colcon.colcon_core.shell:Creating prefix chain script '/home/zireael/PFE/install/setup.sh'
[20.063s] INFO:colcon.colcon_core.shell:Creating prefix script '/home/zireael/PFE/install/local_setup.bash'
[20.064s] INFO:colcon.colcon_core.shell:Creating prefix chain script '/home/zireael/PFE/install/setup.bash'
[20.068s] INFO:colcon.colcon_core.shell:Creating prefix script '/home/zireael/PFE/install/local_setup.zsh'
[20.069s] INFO:colcon.colcon_core.shell:Creating prefix chain script '/home/zireael/PFE/install/setup.zsh'
