[0.012s] Invoking command in '/home/zireael/PFE/PFE_ws/build/my_slam': CMAKE_PREFIX_PATH=${CMAKE_PREFIX_PATH}:/opt/ros/jazzy /usr/bin/cmake /home/zireael/PFE/PFE_ws/src/my_slam -DAMENT_CMAKE_SYMLINK_INSTALL=1 -DCMAKE_INSTALL_PREFIX=/home/zireael/PFE/PFE_ws/install/my_slam
[0.103s] -- The C compiler identification is GNU 13.3.0
[0.395s] -- The CXX compiler identification is GNU 13.3.0
[0.636s] -- Detecting C compiler ABI info
[0.795s] -- Detecting C compiler ABI info - done
[0.802s] -- Check for working C compiler: /usr/bin/cc - skipped
[0.802s] -- Detecting C compile features
[0.802s] -- Detecting C compile features - done
[0.843s] -- Detecting CXX compiler ABI info
[1.010s] -- Detecting CXX compiler ABI info - done
[1.017s] -- Check for working CXX compiler: /usr/bin/c++ - skipped
[1.017s] -- Detecting CXX compile features
[1.018s] -- Detecting CXX compile features - done
[1.022s] -- Found ament_cmake: 2.5.5 (/opt/ros/jazzy/share/ament_cmake/cmake)
[1.156s] -- Found Python3: /usr/bin/python3 (found version "3.12.3") found components: Interpreter 
[1.214s] -- Override CMake install command with custom implementation using symlinks instead of copying resources
[1.274s] -- Found rclcpp: 28.1.16 (/opt/ros/jazzy/share/rclcpp/cmake)
[1.381s] -- Found rosidl_generator_c: 4.6.7 (/opt/ros/jazzy/share/rosidl_generator_c/cmake)
[1.399s] -- Found rosidl_generator_cpp: 4.6.7 (/opt/ros/jazzy/share/rosidl_generator_cpp/cmake)
[1.419s] -- Using all available rosidl_typesupport_c: rosidl_typesupport_fastrtps_c;rosidl_typesupport_introspection_c
[1.441s] -- Using all available rosidl_typesupport_cpp: rosidl_typesupport_fastrtps_cpp;rosidl_typesupport_introspection_cpp
[1.525s] -- Found rmw_implementation_cmake: 7.3.3 (/opt/ros/jazzy/share/rmw_implementation_cmake/cmake)
[1.530s] -- Found rmw_fastrtps_cpp: 8.4.3 (/opt/ros/jazzy/share/rmw_fastrtps_cpp/cmake)
[1.632s] -- Found OpenSSL: /usr/lib/x86_64-linux-gnu/libcrypto.so (found version "3.0.13")  
[1.713s] -- Found FastRTPS: /opt/ros/jazzy/include (Required is at least version "2.13") 
[1.766s] -- Using RMW implementation 'rmw_fastrtps_cpp' as default
[1.892s] -- Found sensor_msgs: 5.3.6 (/opt/ros/jazzy/share/sensor_msgs/cmake)
[1.948s] -- Found nav_msgs: 5.3.6 (/opt/ros/jazzy/share/nav_msgs/cmake)
[1.973s] -- Found tf2: 0.36.19 (/opt/ros/jazzy/share/tf2/cmake)
[1.980s] -- Found tf2_ros: 0.36.19 (/opt/ros/jazzy/share/tf2_ros/cmake)
[2.181s] -- Configuring done (2.2s)
[2.198s] -- Generating done (0.0s)
[2.202s] -- Build files have been written to: /home/zireael/PFE/PFE_ws/build/my_slam
[2.212s] Invoked command in '/home/zireael/PFE/PFE_ws/build/my_slam' returned '0': CMAKE_PREFIX_PATH=${CMAKE_PREFIX_PATH}:/opt/ros/jazzy /usr/bin/cmake /home/zireael/PFE/PFE_ws/src/my_slam -DAMENT_CMAKE_SYMLINK_INSTALL=1 -DCMAKE_INSTALL_PREFIX=/home/zireael/PFE/PFE_ws/install/my_slam
[2.213s] Invoking command in '/home/zireael/PFE/PFE_ws/build/my_slam': CMAKE_PREFIX_PATH=${CMAKE_PREFIX_PATH}:/opt/ros/jazzy /usr/bin/cmake --build /home/zireael/PFE/PFE_ws/build/my_slam -- -j16 -l16
[2.272s] [ 50%] [32mBuilding CXX object CMakeFiles/slam_node.dir/src/slam_node.cpp.o[0m
[9.763s] [100%] [32m[1mLinking CXX executable slam_node[0m
[10.121s] [100%] Built target slam_node
[10.137s] Invoked command in '/home/zireael/PFE/PFE_ws/build/my_slam' returned '0': CMAKE_PREFIX_PATH=${CMAKE_PREFIX_PATH}:/opt/ros/jazzy /usr/bin/cmake --build /home/zireael/PFE/PFE_ws/build/my_slam -- -j16 -l16
[10.150s] Invoking command in '/home/zireael/PFE/PFE_ws/build/my_slam': CMAKE_PREFIX_PATH=${CMAKE_PREFIX_PATH}:/opt/ros/jazzy /usr/bin/cmake --install /home/zireael/PFE/PFE_ws/build/my_slam
[10.159s] -- Install configuration: ""
[10.159s] -- Execute custom install script
[10.160s] -- Symlinking: /home/zireael/PFE/PFE_ws/install/my_slam/lib/my_slam/slam_node
[10.172s] -- Symlinking: /home/zireael/PFE/PFE_ws/install/my_slam/share/ament_index/resource_index/package_run_dependencies/my_slam
[10.183s] -- Symlinking: /home/zireael/PFE/PFE_ws/install/my_slam/share/ament_index/resource_index/parent_prefix_path/my_slam
[10.195s] -- Symlinking: /home/zireael/PFE/PFE_ws/install/my_slam/share/my_slam/environment/ament_prefix_path.sh
[10.206s] -- Symlinking: /home/zireael/PFE/PFE_ws/install/my_slam/share/my_slam/environment/ament_prefix_path.dsv
[10.217s] -- Symlinking: /home/zireael/PFE/PFE_ws/install/my_slam/share/my_slam/environment/path.sh
[10.229s] -- Symlinking: /home/zireael/PFE/PFE_ws/install/my_slam/share/my_slam/environment/path.dsv
[10.243s] -- Symlinking: /home/zireael/PFE/PFE_ws/install/my_slam/share/my_slam/local_setup.bash
[10.254s] -- Symlinking: /home/zireael/PFE/PFE_ws/install/my_slam/share/my_slam/local_setup.sh
[10.265s] -- Symlinking: /home/zireael/PFE/PFE_ws/install/my_slam/share/my_slam/local_setup.zsh
[10.276s] -- Symlinking: /home/zireael/PFE/PFE_ws/install/my_slam/share/my_slam/local_setup.dsv
[10.287s] -- Symlinking: /home/zireael/PFE/PFE_ws/install/my_slam/share/my_slam/package.dsv
[10.299s] -- Symlinking: /home/zireael/PFE/PFE_ws/install/my_slam/share/ament_index/resource_index/packages/my_slam
[10.310s] -- Symlinking: /home/zireael/PFE/PFE_ws/install/my_slam/share/my_slam/cmake/my_slamConfig.cmake
[10.321s] -- Symlinking: /home/zireael/PFE/PFE_ws/install/my_slam/share/my_slam/cmake/my_slamConfig-version.cmake
[10.332s] -- Symlinking: /home/zireael/PFE/PFE_ws/install/my_slam/share/my_slam/package.xml
[10.346s] Invoked command in '/home/zireael/PFE/PFE_ws/build/my_slam' returned '0': CMAKE_PREFIX_PATH=${CMAKE_PREFIX_PATH}:/opt/ros/jazzy /usr/bin/cmake --install /home/zireael/PFE/PFE_ws/build/my_slam
