[0.215s] DEBUG:colcon:Command line arguments: ['/usr/bin/colcon', 'build', '--symlink-install', '--packages-select', 'my_slam']
[0.215s] DEBUG:colcon:Parsed command line arguments: Namespace(log_base=None, log_level=None, verb_name='build', build_base='build', install_base='install', merge_install=False, symlink_install=True, test_result_base=None, continue_on_error=False, executor='parallel', parallel_workers=16, event_handlers=None, ignore_user_meta=False, metas=['./colcon.meta'], base_paths=['.'], packages_ignore=None, packages_ignore_regex=None, paths=None, packages_up_to=None, packages_up_to_regex=None, packages_above=None, packages_above_and_dependencies=None, packages_above_depth=None, packages_select_by_dep=None, packages_skip_by_dep=None, packages_skip_up_to=None, packages_select_build_failed=False, packages_skip_build_finished=False, packages_select_test_failures=False, packages_skip_test_passed=False, packages_select=['my_slam'], packages_skip=None, packages_select_regex=None, packages_skip_regex=None, packages_start=None, packages_end=None, allow_overriding=[], cmake_args=None, cmake_target=None, cmake_target_skip_unavailable=False, cmake_clean_cache=False, cmake_clean_first=False, cmake_force_configure=False, ament_cmake_args=None, catkin_cmake_args=None, catkin_skip_building_tests=False, mixin_files=None, mixin=None, verb_parser=<colcon_mixin.mixin.mixin_argument.MixinArgumentDecorator object at 0x78258828e060>, verb_extension=<colcon_core.verb.build.BuildVerb object at 0x782588239370>, main=<bound method BuildVerb.main of <colcon_core.verb.build.BuildVerb object at 0x782588239370>>, mixin_verb=('build',))
[0.266s] Level 1:colcon.colcon_core.package_discovery:discover_packages(colcon_meta) check parameters
[0.267s] Level 1:colcon.colcon_core.package_discovery:discover_packages(recursive) check parameters
[0.267s] Level 1:colcon.colcon_core.package_discovery:discover_packages(ignore) check parameters
[0.267s] Level 1:colcon.colcon_core.package_discovery:discover_packages(path) check parameters
[0.267s] Level 1:colcon.colcon_core.package_discovery:discover_packages(colcon_meta) discover
[0.267s] Level 1:colcon.colcon_core.package_discovery:discover_packages(recursive) discover
[0.267s] INFO:colcon.colcon_core.package_discovery:Crawling recursively for packages in '/home/zireael/PFE/PFE_ws'
[0.267s] Level 1:colcon.colcon_core.package_identification:_identify(.) by extensions ['ignore', 'ignore_ament_install']
[0.267s] Level 1:colcon.colcon_core.package_identification:_identify(.) by extension 'ignore'
[0.267s] Level 1:colcon.colcon_core.package_identification:_identify(.) by extension 'ignore_ament_install'
[0.267s] Level 1:colcon.colcon_core.package_identification:_identify(.) by extensions ['colcon_pkg']
[0.268s] Level 1:colcon.colcon_core.package_identification:_identify(.) by extension 'colcon_pkg'
[0.268s] Level 1:colcon.colcon_core.package_identification:_identify(.) by extensions ['colcon_meta']
[0.268s] Level 1:colcon.colcon_core.package_identification:_identify(.) by extension 'colcon_meta'
[0.268s] Level 1:colcon.colcon_core.package_identification:_identify(.) by extensions ['ros']
[0.268s] Level 1:colcon.colcon_core.package_identification:_identify(.) by extension 'ros'
[0.303s] Level 1:colcon.colcon_core.package_identification:_identify(.) by extensions ['cmake', 'python']
[0.303s] Level 1:colcon.colcon_core.package_identification:_identify(.) by extension 'cmake'
[0.303s] Level 1:colcon.colcon_core.package_identification:_identify(.) by extension 'python'
[0.303s] Level 1:colcon.colcon_core.package_identification:_identify(.) by extensions ['python_setup_py']
[0.303s] Level 1:colcon.colcon_core.package_identification:_identify(.) by extension 'python_setup_py'
[0.303s] Level 1:colcon.colcon_core.package_identification:_identify(build) by extensions ['ignore', 'ignore_ament_install']
[0.303s] Level 1:colcon.colcon_core.package_identification:_identify(build) by extension 'ignore'
[0.303s] Level 1:colcon.colcon_core.package_identification:_identify(build) ignored
[0.304s] Level 1:colcon.colcon_core.package_identification:_identify(install) by extensions ['ignore', 'ignore_ament_install']
[0.304s] Level 1:colcon.colcon_core.package_identification:_identify(install) by extension 'ignore'
[0.304s] Level 1:colcon.colcon_core.package_identification:_identify(install) ignored
[0.304s] Level 1:colcon.colcon_core.package_identification:_identify(log) by extensions ['ignore', 'ignore_ament_install']
[0.304s] Level 1:colcon.colcon_core.package_identification:_identify(log) by extension 'ignore'
[0.304s] Level 1:colcon.colcon_core.package_identification:_identify(log) ignored
[0.304s] Level 1:colcon.colcon_core.package_identification:_identify(src) by extensions ['ignore', 'ignore_ament_install']
[0.305s] Level 1:colcon.colcon_core.package_identification:_identify(src) by extension 'ignore'
[0.305s] Level 1:colcon.colcon_core.package_identification:_identify(src) by extension 'ignore_ament_install'
[0.305s] Level 1:colcon.colcon_core.package_identification:_identify(src) by extensions ['colcon_pkg']
[0.305s] Level 1:colcon.colcon_core.package_identification:_identify(src) by extension 'colcon_pkg'
[0.305s] Level 1:colcon.colcon_core.package_identification:_identify(src) by extensions ['colcon_meta']
[0.305s] Level 1:colcon.colcon_core.package_identification:_identify(src) by extension 'colcon_meta'
[0.305s] Level 1:colcon.colcon_core.package_identification:_identify(src) by extensions ['ros']
[0.305s] Level 1:colcon.colcon_core.package_identification:_identify(src) by extension 'ros'
[0.305s] Level 1:colcon.colcon_core.package_identification:_identify(src) by extensions ['cmake', 'python']
[0.305s] Level 1:colcon.colcon_core.package_identification:_identify(src) by extension 'cmake'
[0.305s] Level 1:colcon.colcon_core.package_identification:_identify(src) by extension 'python'
[0.305s] Level 1:colcon.colcon_core.package_identification:_identify(src) by extensions ['python_setup_py']
[0.305s] Level 1:colcon.colcon_core.package_identification:_identify(src) by extension 'python_setup_py'
[0.305s] Level 1:colcon.colcon_core.package_identification:_identify(src/my_slam) by extensions ['ignore', 'ignore_ament_install']
[0.305s] Level 1:colcon.colcon_core.package_identification:_identify(src/my_slam) by extension 'ignore'
[0.305s] Level 1:colcon.colcon_core.package_identification:_identify(src/my_slam) by extension 'ignore_ament_install'
[0.306s] Level 1:colcon.colcon_core.package_identification:_identify(src/my_slam) by extensions ['colcon_pkg']
[0.306s] Level 1:colcon.colcon_core.package_identification:_identify(src/my_slam) by extension 'colcon_pkg'
[0.306s] Level 1:colcon.colcon_core.package_identification:_identify(src/my_slam) by extensions ['colcon_meta']
[0.306s] Level 1:colcon.colcon_core.package_identification:_identify(src/my_slam) by extension 'colcon_meta'
[0.306s] Level 1:colcon.colcon_core.package_identification:_identify(src/my_slam) by extensions ['ros']
[0.306s] Level 1:colcon.colcon_core.package_identification:_identify(src/my_slam) by extension 'ros'
[0.309s] DEBUG:colcon.colcon_core.package_identification:Package 'src/my_slam' with type 'ros.ament_cmake' and name 'my_slam'
[0.309s] Level 1:colcon.colcon_core.package_discovery:discover_packages(recursive) using defaults
[0.309s] Level 1:colcon.colcon_core.package_discovery:discover_packages(ignore) discover
[0.309s] Level 1:colcon.colcon_core.package_discovery:discover_packages(ignore) using defaults
[0.309s] Level 1:colcon.colcon_core.package_discovery:discover_packages(path) discover
[0.309s] Level 1:colcon.colcon_core.package_discovery:discover_packages(path) using defaults
[0.328s] Level 1:colcon.colcon_core.package_discovery:discover_packages(prefix_path) check parameters
[0.329s] Level 1:colcon.colcon_core.package_discovery:discover_packages(prefix_path) discover
[0.329s] WARNING:colcon.colcon_core.prefix_path.colcon:The path '/home/zireael/TPE_ws/install' in the environment variable COLCON_PREFIX_PATH doesn't exist
[0.329s] WARNING:colcon.colcon_ros.prefix_path.ament:The path '/home/zireael/TPE_ws/install/my_slam' in the environment variable AMENT_PREFIX_PATH doesn't exist
[0.330s] WARNING:colcon.colcon_ros.prefix_path.catkin:The path '/home/zireael/TPE_ws/install/my_slam' in the environment variable CMAKE_PREFIX_PATH doesn't exist
[0.330s] DEBUG:colcon.colcon_installed_package_information.package_discovery:Found 1 installed packages in /home/zireael/PFE/PFE_ws/install
[0.333s] DEBUG:colcon.colcon_installed_package_information.package_discovery:Found 441 installed packages in /opt/ros/jazzy
[0.335s] Level 1:colcon.colcon_core.package_discovery:discover_packages(prefix_path) using defaults
[0.410s] Level 5:colcon.colcon_core.verb:set package 'my_slam' build argument 'cmake_args' from command line to 'None'
[0.410s] Level 5:colcon.colcon_core.verb:set package 'my_slam' build argument 'cmake_target' from command line to 'None'
[0.410s] Level 5:colcon.colcon_core.verb:set package 'my_slam' build argument 'cmake_target_skip_unavailable' from command line to 'False'
[0.410s] Level 5:colcon.colcon_core.verb:set package 'my_slam' build argument 'cmake_clean_cache' from command line to 'False'
[0.410s] Level 5:colcon.colcon_core.verb:set package 'my_slam' build argument 'cmake_clean_first' from command line to 'False'
[0.410s] Level 5:colcon.colcon_core.verb:set package 'my_slam' build argument 'cmake_force_configure' from command line to 'False'
[0.410s] Level 5:colcon.colcon_core.verb:set package 'my_slam' build argument 'ament_cmake_args' from command line to 'None'
[0.410s] Level 5:colcon.colcon_core.verb:set package 'my_slam' build argument 'catkin_cmake_args' from command line to 'None'
[0.410s] Level 5:colcon.colcon_core.verb:set package 'my_slam' build argument 'catkin_skip_building_tests' from command line to 'False'
[0.410s] DEBUG:colcon.colcon_core.verb:Building package 'my_slam' with the following arguments: {'ament_cmake_args': None, 'build_base': '/home/zireael/PFE/PFE_ws/build/my_slam', 'catkin_cmake_args': None, 'catkin_skip_building_tests': False, 'cmake_args': None, 'cmake_clean_cache': False, 'cmake_clean_first': False, 'cmake_force_configure': False, 'cmake_target': None, 'cmake_target_skip_unavailable': False, 'install_base': '/home/zireael/PFE/PFE_ws/install/my_slam', 'merge_install': False, 'path': '/home/zireael/PFE/PFE_ws/src/my_slam', 'symlink_install': True, 'test_result_base': None}
[0.410s] INFO:colcon.colcon_core.executor:Executing jobs using 'parallel' executor
[0.411s] DEBUG:colcon.colcon_parallel_executor.executor.parallel:run_until_complete
[0.412s] INFO:colcon.colcon_ros.task.ament_cmake.build:Building ROS package in '/home/zireael/PFE/PFE_ws/src/my_slam' with build type 'ament_cmake'
[0.412s] INFO:colcon.colcon_cmake.task.cmake.build:Building CMake package in '/home/zireael/PFE/PFE_ws/src/my_slam'
[0.415s] INFO:colcon.colcon_core.plugin_system:Skipping extension 'colcon_core.shell.bat': Not used on non-Windows systems
[0.416s] INFO:colcon.colcon_core.shell:Skip shell extension 'powershell' for command environment: Not usable outside of PowerShell
[0.416s] DEBUG:colcon.colcon_core.shell:Skip shell extension 'dsv' for command environment
[0.436s] DEBUG:colcon.colcon_core.event_handler.log_command:Invoking command in '/home/zireael/PFE/PFE_ws/build/my_slam': CMAKE_PREFIX_PATH=${CMAKE_PREFIX_PATH}:/opt/ros/jazzy /usr/bin/cmake --build /home/zireael/PFE/PFE_ws/build/my_slam -- -j16 -l16
[15.752s] DEBUG:colcon.colcon_core.event_handler.log_command:Invoked command in '/home/zireael/PFE/PFE_ws/build/my_slam' returned '0': CMAKE_PREFIX_PATH=${CMAKE_PREFIX_PATH}:/opt/ros/jazzy /usr/bin/cmake --build /home/zireael/PFE/PFE_ws/build/my_slam -- -j16 -l16
[15.773s] DEBUG:colcon.colcon_core.event_handler.log_command:Invoking command in '/home/zireael/PFE/PFE_ws/build/my_slam': CMAKE_PREFIX_PATH=${CMAKE_PREFIX_PATH}:/opt/ros/jazzy /usr/bin/cmake --install /home/zireael/PFE/PFE_ws/build/my_slam
[15.809s] Level 1:colcon.colcon_core.environment:create_environment_scripts_only(my_slam)
[15.810s] DEBUG:colcon.colcon_core.event_handler.log_command:Invoked command in '/home/zireael/PFE/PFE_ws/build/my_slam' returned '0': CMAKE_PREFIX_PATH=${CMAKE_PREFIX_PATH}:/opt/ros/jazzy /usr/bin/cmake --install /home/zireael/PFE/PFE_ws/build/my_slam
[15.812s] Level 1:colcon.colcon_core.environment:checking '/home/zireael/PFE/PFE_ws/install/my_slam' for CMake module files
[15.812s] Level 1:colcon.colcon_core.environment:checking '/home/zireael/PFE/PFE_ws/install/my_slam' for CMake config files
[15.813s] Level 1:colcon.colcon_core.environment:checking '/home/zireael/PFE/PFE_ws/install/my_slam/lib'
[15.813s] Level 1:colcon.colcon_core.environment:checking '/home/zireael/PFE/PFE_ws/install/my_slam/bin'
[15.813s] Level 1:colcon.colcon_core.environment:checking '/home/zireael/PFE/PFE_ws/install/my_slam/lib/pkgconfig/my_slam.pc'
[15.813s] Level 1:colcon.colcon_core.environment:checking '/home/zireael/PFE/PFE_ws/install/my_slam/lib/python3.12/site-packages'
[15.814s] Level 1:colcon.colcon_core.environment:checking '/home/zireael/PFE/PFE_ws/install/my_slam/bin'
[15.814s] INFO:colcon.colcon_core.shell:Creating package script '/home/zireael/PFE/PFE_ws/install/my_slam/share/my_slam/package.ps1'
[15.814s] INFO:colcon.colcon_core.shell:Creating package descriptor '/home/zireael/PFE/PFE_ws/install/my_slam/share/my_slam/package.dsv'
[15.815s] INFO:colcon.colcon_core.shell:Creating package script '/home/zireael/PFE/PFE_ws/install/my_slam/share/my_slam/package.sh'
[15.815s] INFO:colcon.colcon_core.shell:Creating package script '/home/zireael/PFE/PFE_ws/install/my_slam/share/my_slam/package.bash'
[15.816s] INFO:colcon.colcon_core.shell:Creating package script '/home/zireael/PFE/PFE_ws/install/my_slam/share/my_slam/package.zsh'
[15.816s] Level 1:colcon.colcon_core.environment:create_file_with_runtime_dependencies(/home/zireael/PFE/PFE_ws/install/my_slam/share/colcon-core/packages/my_slam)
[15.817s] Level 1:colcon.colcon_core.environment:create_environment_scripts_only(my_slam)
[15.817s] Level 1:colcon.colcon_core.environment:checking '/home/zireael/PFE/PFE_ws/install/my_slam' for CMake module files
[15.817s] Level 1:colcon.colcon_core.environment:checking '/home/zireael/PFE/PFE_ws/install/my_slam' for CMake config files
[15.818s] Level 1:colcon.colcon_core.environment:checking '/home/zireael/PFE/PFE_ws/install/my_slam/lib'
[15.818s] Level 1:colcon.colcon_core.environment:checking '/home/zireael/PFE/PFE_ws/install/my_slam/bin'
[15.818s] Level 1:colcon.colcon_core.environment:checking '/home/zireael/PFE/PFE_ws/install/my_slam/lib/pkgconfig/my_slam.pc'
[15.818s] Level 1:colcon.colcon_core.environment:checking '/home/zireael/PFE/PFE_ws/install/my_slam/lib/python3.12/site-packages'
[15.818s] Level 1:colcon.colcon_core.environment:checking '/home/zireael/PFE/PFE_ws/install/my_slam/bin'
[15.818s] INFO:colcon.colcon_core.shell:Creating package script '/home/zireael/PFE/PFE_ws/install/my_slam/share/my_slam/package.ps1'
[15.893s] INFO:colcon.colcon_core.shell:Creating package descriptor '/home/zireael/PFE/PFE_ws/install/my_slam/share/my_slam/package.dsv'
[15.893s] INFO:colcon.colcon_core.shell:Creating package script '/home/zireael/PFE/PFE_ws/install/my_slam/share/my_slam/package.sh'
[15.894s] INFO:colcon.colcon_core.shell:Creating package script '/home/zireael/PFE/PFE_ws/install/my_slam/share/my_slam/package.bash'
[15.894s] INFO:colcon.colcon_core.shell:Creating package script '/home/zireael/PFE/PFE_ws/install/my_slam/share/my_slam/package.zsh'
[15.895s] Level 1:colcon.colcon_core.environment:create_file_with_runtime_dependencies(/home/zireael/PFE/PFE_ws/install/my_slam/share/colcon-core/packages/my_slam)
[15.895s] DEBUG:colcon.colcon_parallel_executor.executor.parallel:closing loop
[15.896s] DEBUG:colcon.colcon_parallel_executor.executor.parallel:loop closed
[15.896s] DEBUG:colcon.colcon_parallel_executor.executor.parallel:run_until_complete finished with '0'
[15.896s] DEBUG:colcon.colcon_core.event_reactor:joining thread
[15.946s] INFO:colcon.colcon_core.plugin_system:Skipping extension 'colcon_notification.desktop_notification.notify_send': Could not find 'notify-send'
[15.947s] INFO:colcon.colcon_core.plugin_system:Skipping extension 'colcon_notification.desktop_notification.terminal_notifier': Not used on non-Darwin systems
[15.947s] INFO:colcon.colcon_core.plugin_system:Skipping extension 'colcon_notification.desktop_notification.win32': Not used on non-Windows systems
[15.947s] INFO:colcon.colcon_notification.desktop_notification:Sending desktop notification using 'notify2'
[15.948s] DEBUG:colcon.colcon_notification.desktop_notification.notify2:Failed to initialize notify2: org.freedesktop.DBus.Error.ServiceUnknown: The name org.freedesktop.Notifications was not provided by any .service files
[15.948s] DEBUG:colcon.colcon_core.event_reactor:joined thread
[15.948s] INFO:colcon.colcon_core.shell:Creating prefix script '/home/zireael/PFE/PFE_ws/install/local_setup.ps1'
[15.949s] INFO:colcon.colcon_core.shell:Creating prefix util module '/home/zireael/PFE/PFE_ws/install/_local_setup_util_ps1.py'
[15.951s] INFO:colcon.colcon_core.shell:Creating prefix chain script '/home/zireael/PFE/PFE_ws/install/setup.ps1'
[15.952s] INFO:colcon.colcon_core.shell:Creating prefix script '/home/zireael/PFE/PFE_ws/install/local_setup.sh'
[15.953s] INFO:colcon.colcon_core.shell:Creating prefix util module '/home/zireael/PFE/PFE_ws/install/_local_setup_util_sh.py'
[15.954s] INFO:colcon.colcon_core.shell:Creating prefix chain script '/home/zireael/PFE/PFE_ws/install/setup.sh'
[15.955s] INFO:colcon.colcon_core.shell:Creating prefix script '/home/zireael/PFE/PFE_ws/install/local_setup.bash'
[15.956s] INFO:colcon.colcon_core.shell:Creating prefix chain script '/home/zireael/PFE/PFE_ws/install/setup.bash'
[15.956s] INFO:colcon.colcon_core.shell:Creating prefix script '/home/zireael/PFE/PFE_ws/install/local_setup.zsh'
[15.957s] INFO:colcon.colcon_core.shell:Creating prefix chain script '/home/zireael/PFE/PFE_ws/install/setup.zsh'
