[0.031s] Invoking command in '/home/zireael/PFE/build/my_slam': CMAKE_PREFIX_PATH=${CMAKE_PREFIX_PATH}:/opt/ros/jazzy /usr/bin/cmake /home/zireael/PFE/PFE_ws/src/my_slam -DCMAKE_INSTALL_PREFIX=/home/zireael/PFE/install/my_slam
[0.166s] -- The C compiler identification is GNU 13.3.0
[0.687s] -- The CXX compiler identification is GNU 13.3.0
[1.148s] -- Detecting C compiler ABI info
[1.434s] -- Detecting C compiler ABI info - done
[1.445s] -- Check for working C compiler: /usr/bin/cc - skipped
[1.446s] -- Detecting C compile features
[1.447s] -- Detecting C compile features - done
[1.531s] -- Detecting CXX compiler ABI info
[1.809s] -- Detecting CXX compiler ABI info - done
[1.819s] -- Check for working CXX compiler: /usr/bin/c++ - skipped
[1.819s] -- Detecting CXX compile features
[1.820s] -- Detecting CXX compile features - done
[1.827s] -- Found ament_cmake: 2.5.5 (/opt/ros/jazzy/share/ament_cmake/cmake)
[2.012s] -- Found Python3: /usr/bin/python3 (found version "3.12.3") found components: Interpreter 
[2.178s] -- Found rclcpp: 28.1.16 (/opt/ros/jazzy/share/rclcpp/cmake)
[2.384s] -- Found rosidl_generator_c: 4.6.7 (/opt/ros/jazzy/share/rosidl_generator_c/cmake)
[2.407s] -- Found rosidl_generator_cpp: 4.6.7 (/opt/ros/jazzy/share/rosidl_generator_cpp/cmake)
[2.438s] -- Using all available rosidl_typesupport_c: rosidl_typesupport_fastrtps_c;rosidl_typesupport_introspection_c
[2.468s] -- Using all available rosidl_typesupport_cpp: rosidl_typesupport_fastrtps_cpp;rosidl_typesupport_introspection_cpp
[2.585s] -- Found rmw_implementation_cmake: 7.3.3 (/opt/ros/jazzy/share/rmw_implementation_cmake/cmake)
[2.591s] -- Found rmw_fastrtps_cpp: 8.4.3 (/opt/ros/jazzy/share/rmw_fastrtps_cpp/cmake)
[2.732s] -- Found OpenSSL: /usr/lib/x86_64-linux-gnu/libcrypto.so (found version "3.0.13")  
[2.932s] -- Found FastRTPS: /opt/ros/jazzy/include (Required is at least version "2.13") 
[3.033s] -- Using RMW implementation 'rmw_fastrtps_cpp' as default
[3.258s] -- Found sensor_msgs: 5.3.6 (/opt/ros/jazzy/share/sensor_msgs/cmake)
[3.352s] -- Found nav_msgs: 5.3.6 (/opt/ros/jazzy/share/nav_msgs/cmake)
[3.392s] -- Found tf2: 0.36.19 (/opt/ros/jazzy/share/tf2/cmake)
[3.400s] -- Found tf2_ros: 0.36.19 (/opt/ros/jazzy/share/tf2_ros/cmake)
[3.592s] -- Configuring done (3.5s)
[3.612s] -- Generating done (0.0s)
[3.618s] -- Build files have been written to: /home/zireael/PFE/build/my_slam
[3.632s] Invoked command in '/home/zireael/PFE/build/my_slam' returned '0': CMAKE_PREFIX_PATH=${CMAKE_PREFIX_PATH}:/opt/ros/jazzy /usr/bin/cmake /home/zireael/PFE/PFE_ws/src/my_slam -DCMAKE_INSTALL_PREFIX=/home/zireael/PFE/install/my_slam
[3.634s] Invoking command in '/home/zireael/PFE/build/my_slam': CMAKE_PREFIX_PATH=${CMAKE_PREFIX_PATH}:/opt/ros/jazzy /usr/bin/cmake --build /home/zireael/PFE/build/my_slam -- -j16 -l16
[3.729s] [ 50%] [32mBuilding CXX object CMakeFiles/slam_node.dir/src/slam_node.cpp.o[0m
[16.927s] [100%] [32m[1mLinking CXX executable slam_node[0m
[17.549s] [100%] Built target slam_node
[17.577s] Invoked command in '/home/zireael/PFE/build/my_slam' returned '0': CMAKE_PREFIX_PATH=${CMAKE_PREFIX_PATH}:/opt/ros/jazzy /usr/bin/cmake --build /home/zireael/PFE/build/my_slam -- -j16 -l16
[17.597s] Invoking command in '/home/zireael/PFE/build/my_slam': CMAKE_PREFIX_PATH=${CMAKE_PREFIX_PATH}:/opt/ros/jazzy /usr/bin/cmake --install /home/zireael/PFE/build/my_slam
[17.612s] -- Install configuration: ""
[17.613s] -- Installing: /home/zireael/PFE/install/my_slam/lib/my_slam/slam_node
[17.625s] -- Set non-toolchain portion of runtime path of "/home/zireael/PFE/install/my_slam/lib/my_slam/slam_node" to ""
[17.628s] Invoked command in '/home/zireael/PFE/build/my_slam' returned '0': CMAKE_PREFIX_PATH=${CMAKE_PREFIX_PATH}:/opt/ros/jazzy /usr/bin/cmake --install /home/zireael/PFE/build/my_slam
